<?xml version="1.0" encoding="UTF-8" ?>
<testsuite tests="10" failures="0" name="com.transaction.cucumber.CucumberTest" time="0.013" errors="0" skipped="0">
  <properties>
[...]
</properties>
  <testcase classname="Scenario: Successful reporting for customer" name="Given the following transactions:" time="0.002"/>
  <testcase classname="Scenario: Successful reporting for customer" name="When transaction manager generates monthly customer reports for 12 2019" time="0"/>
  <testcase classname="Scenario: Successful reporting for customer" name="Then the following customer transactions are in the reports:" time="0"/>
  <testcase classname="Scenario: Successful reporting for customer" name="And the following customer transactions are not in the reports:" time="0"/>
  <testcase classname="Scenario: Successful reporting for customer" name="Scenario: Successful reporting for customer" time="0.001"/>
  <testcase classname="Scenario: Successful reporting for merchant" name="Given the following transactions:" time="0.001"/>
  <testcase classname="Scenario: Successful reporting for merchant" name="When transaction manager generates monthly merchant reports for 12 2019" time="0"/>
  <testcase classname="Scenario: Successful reporting for merchant" name="Then the following merchant transactions are in the reports:" time="0.008"/>
  <testcase classname="Scenario: Successful reporting for merchant" name="And the following merchant transactions are not in the reports:" time="0"/>
  <testcase classname="Scenario: Successful reporting for merchant" name="Scenario: Successful reporting for merchant" time="0.001"/>
</testsuite>