<?xml version="1.0" encoding="UTF-8" ?>
<testsuite tests="16" failures="0" name="com.token.cucumber.CucumberTest" time="0.003" errors="0" skipped="0">
  <properties>
[...]
</properties>
  <testcase classname="Scenario: Get unused token SUCCESS" name="Given a customer id 1" time="0.002"/>
  <testcase classname="Scenario: Get unused token SUCCESS" name="When the token is requested" time="0"/>
  <testcase classname="Scenario: Get unused token SUCCESS" name="Then the REST service succeeds and returns a 200 status code" time="0"/>
  <testcase classname="Scenario: Get unused token SUCCESS" name="Scenario: Get unused token SUCCESS" time="0.001"/>
  <testcase classname="Scenario: Get validity of token SUCCESS" name="Given a token id 1" time="0"/>
  <testcase classname="Scenario: Get validity of token SUCCESS" name="When the validity check of a token is requested" time="0"/>
  <testcase classname="Scenario: Get validity of token SUCCESS" name="Then the REST service succeeds and returns a 200 status code" time="0"/>
  <testcase classname="Scenario: Get validity of token SUCCESS" name="Scenario: Get validity of token SUCCESS" time="0"/>
  <testcase classname="Scenario: Set a token from unused to used SUCCESS" name="Given another token id 2" time="0"/>
  <testcase classname="Scenario: Set a token from unused to used SUCCESS" name="When the update to used is requested" time="0"/>
  <testcase classname="Scenario: Set a token from unused to used SUCCESS" name="Then the REST service succeeds and returns a 200 status code" time="0"/>
  <testcase classname="Scenario: Set a token from unused to used SUCCESS" name="Scenario: Set a token from unused to used SUCCESS" time="0"/>
  <testcase classname="Scenario: Create a new token SUCCESS" name="Given a customer id &quot;2&quot;, unique identifier &quot;ee467f55-a288-4d2b-b5dd-aae6dae62137&quot; and a token unused &quot;false&quot;" time="0"/>
  <testcase classname="Scenario: Create a new token SUCCESS" name="When the creating of a new token is requested" time="0"/>
  <testcase classname="Scenario: Create a new token SUCCESS" name="Then the REST service returns the object and a 200 status code" time="0"/>
  <testcase classname="Scenario: Create a new token SUCCESS" name="Scenario: Create a new token SUCCESS" time="0"/>
</testsuite>